Epoch: [0]  [   0/1122]  eta: 0:22:17  lr: 0.000002  loss: 1.4048 (1.4048)  loss_classifier: 0.6651 (0.6651)  loss_box_reg: 0.0054 (0.0054)  loss_objectness: 0.6965 (0.6965)  loss_rpn_box_reg: 0.0379 (0.0379)  time: 1.1919  data: 0.4630  max mem: 2216
Epoch: [0]  [ 100/1122]  eta: 0:08:57  lr: 0.000102  loss: 1.3158 (1.3951)  loss_classifier: 0.5312 (0.6079)  loss_box_reg: 0.0107 (0.0184)  loss_objectness: 0.6934 (0.6951)  loss_rpn_box_reg: 0.0594 (0.0737)  time: 0.5218  data: 0.0011  max mem: 2444
Epoch: [0]  [ 200/1122]  eta: 0:08:04  lr: 0.000202  loss: 1.0988 (1.2954)  loss_classifier: 0.2910 (0.4923)  loss_box_reg: 0.0254 (0.0248)  loss_objectness: 0.6814 (0.6910)  loss_rpn_box_reg: 0.1031 (0.0875)  time: 0.5256  data: 0.0012  max mem: 2444
Epoch: [0]  [ 300/1122]  eta: 0:07:12  lr: 0.000302  loss: 1.1138 (1.2107)  loss_classifier: 0.2845 (0.4108)  loss_box_reg: 0.0717 (0.0354)  loss_objectness: 0.6518 (0.6821)  loss_rpn_box_reg: 0.0558 (0.0824)  time: 0.5274  data: 0.0011  max mem: 2444
Epoch: [0]  [ 400/1122]  eta: 0:06:19  lr: 0.000402  loss: 0.9968 (1.1618)  loss_classifier: 0.2432 (0.3646)  loss_box_reg: 0.0925 (0.0503)  loss_objectness: 0.6037 (0.6679)  loss_rpn_box_reg: 0.0539 (0.0790)  time: 0.5276  data: 0.0011  max mem: 2444
Epoch: [0]  [ 500/1122]  eta: 0:05:27  lr: 0.000501  loss: 1.0812 (1.1264)  loss_classifier: 0.2700 (0.3394)  loss_box_reg: 0.1936 (0.0657)  loss_objectness: 0.5189 (0.6450)  loss_rpn_box_reg: 0.0536 (0.0762)  time: 0.5281  data: 0.0011  max mem: 2444
Epoch: [0]  [ 600/1122]  eta: 0:04:34  lr: 0.000601  loss: 0.6530 (1.0876)  loss_classifier: 0.1759 (0.3225)  loss_box_reg: 0.1139 (0.0826)  loss_objectness: 0.3398 (0.6088)  loss_rpn_box_reg: 0.0261 (0.0736)  time: 0.5269  data: 0.0013  max mem: 2444
Epoch: [0]  [ 700/1122]  eta: 0:03:42  lr: 0.000701  loss: 0.7685 (1.0378)  loss_classifier: 0.2376 (0.3086)  loss_box_reg: 0.1994 (0.0960)  loss_objectness: 0.2602 (0.5635)  loss_rpn_box_reg: 0.0496 (0.0697)  time: 0.5275  data: 0.0013  max mem: 2444
Epoch: [0]  [ 800/1122]  eta: 0:02:49  lr: 0.000801  loss: 0.6889 (0.9943)  loss_classifier: 0.2370 (0.2986)  loss_box_reg: 0.1804 (0.1082)  loss_objectness: 0.2112 (0.5209)  loss_rpn_box_reg: 0.0475 (0.0666)  time: 0.5288  data: 0.0012  max mem: 2444
Epoch: [0]  [ 900/1122]  eta: 0:01:56  lr: 0.000901  loss: 0.2468 (0.9549)  loss_classifier: 0.0785 (0.2890)  loss_box_reg: 0.0452 (0.1173)  loss_objectness: 0.1133 (0.4844)  loss_rpn_box_reg: 0.0144 (0.0642)  time: 0.5284  data: 0.0012  max mem: 2444
Epoch: [0]  [1000/1122]  eta: 0:01:04  lr: 0.001000  loss: 0.8380 (0.9396)  loss_classifier: 0.2660 (0.2872)  loss_box_reg: 0.3312 (0.1322)  loss_objectness: 0.1914 (0.4569)  loss_rpn_box_reg: 0.0461 (0.0633)  time: 0.5281  data: 0.0011  max mem: 2444
Epoch: [0]  [1100/1122]  eta: 0:00:11  lr: 0.001000  loss: 0.4997 (0.9148)  loss_classifier: 0.1594 (0.2815)  loss_box_reg: 0.1701 (0.1415)  loss_objectness: 0.1449 (0.4305)  loss_rpn_box_reg: 0.0364 (0.0613)  time: 0.5289  data: 0.0011  max mem: 2444
Epoch: [0]  [1121/1122]  eta: 0:00:00  lr: 0.001000  loss: 0.7526 (0.9110)  loss_classifier: 0.2444 (0.2806)  loss_box_reg: 0.2831 (0.1437)  loss_objectness: 0.1691 (0.4257)  loss_rpn_box_reg: 0.0419 (0.0610)  time: 0.5286  data: 0.0011  max mem: 2444
Epoch: [0] Total time: 0:09:51 (0.5273 s / it)
Test:  [  0/180]  eta: 0:01:21  model_time: 0.2205 (0.2205)  evaluator_time: 0.1197 (0.1197)  time: 0.4525  data: 0.1003  max mem: 2444
Test:  [100/180]  eta: 0:00:18  model_time: 0.2118 (0.2138)  evaluator_time: 0.0094 (0.0175)  time: 0.2652  data: 0.0009  max mem: 2444
Test:  [179/180]  eta: 0:00:00  model_time: 0.2119 (0.2106)  evaluator_time: 0.0007 (0.0387)  time: 0.2184  data: 0.0009  max mem: 2444
Test: Total time: 0:00:45 (0.2517 s / it)
Average Precision  (AP) @[ IoU=0.50:0.95 | area=   all | maxDets=100 ] = 0.001909875583645579
Average Precision  (AP) @[ IoU=0.50      | area=   all | maxDets=100 ] = 0.011086632108069207
Average Precision  (AP) @[ IoU=0.75      | area=   all | maxDets=100 ] = 4.2755663598438806e-05
Average Precision  (AP) @[ IoU=0.50:0.95 | area= small | maxDets=100 ] = 0.0023811870489606046
Average Precision  (AP) @[ IoU=0.50:0.95 | area=medium | maxDets=100 ] = 7.973969267664523e-05
Average Precision  (AP) @[ IoU=0.50:0.95 | area= large | maxDets=100 ] = -1.0
Average Recall     (AR) @[ IoU=0.50:0.95 | area=   all | maxDets=  1 ] = 0.00020572875454977053
Average Recall     (AR) @[ IoU=0.50:0.95 | area=   all | maxDets= 10 ] = 0.0023896186105396423
Average Recall     (AR) @[ IoU=0.50:0.95 | area=   all | maxDets=100 ] = 0.025763570185155876
Average Recall     (AR) @[ IoU=0.50:0.95 | area= small | maxDets=100 ] = 0.030131826741996232
Average Recall     (AR) @[ IoU=0.50:0.95 | area=medium | maxDets=100 ] = 0.0027750247770069376
Average Recall     (AR) @[ IoU=0.50:0.95 | area= large | maxDets=100 ] = -1.0



Epoch: [1]  [   0/1122]  eta: 0:12:00  lr: 0.001000  loss: 0.2892 (0.2892)  loss_classifier: 0.0988 (0.0988)  loss_box_reg: 0.0599 (0.0599)  loss_objectness: 0.1023 (0.1023)  loss_rpn_box_reg: 0.0283 (0.0283)  time: 0.6418  data: 0.0928  max mem: 2444
Epoch: [1]  [ 100/1122]  eta: 0:09:00  lr: 0.001000  loss: 0.7249 (0.6459)  loss_classifier: 0.2434 (0.2128)  loss_box_reg: 0.2410 (0.2292)  loss_objectness: 0.1539 (0.1611)  loss_rpn_box_reg: 0.0349 (0.0427)  time: 0.5287  data: 0.0011  max mem: 2444
Epoch: [1]  [ 200/1122]  eta: 0:08:07  lr: 0.001000  loss: 0.2133 (0.6120)  loss_classifier: 0.0764 (0.2005)  loss_box_reg: 0.0689 (0.2213)  loss_objectness: 0.0624 (0.1510)  loss_rpn_box_reg: 0.0113 (0.0391)  time: 0.5293  data: 0.0012  max mem: 2444
Epoch: [1]  [ 300/1122]  eta: 0:07:14  lr: 0.001000  loss: 0.7212 (0.6226)  loss_classifier: 0.2224 (0.2050)  loss_box_reg: 0.3016 (0.2324)  loss_objectness: 0.1466 (0.1479)  loss_rpn_box_reg: 0.0379 (0.0374)  time: 0.5286  data: 0.0011  max mem: 2444
Epoch: [1]  [ 400/1122]  eta: 0:06:21  lr: 0.001000  loss: 0.4843 (0.6276)  loss_classifier: 0.1827 (0.2070)  loss_box_reg: 0.1439 (0.2369)  loss_objectness: 0.0971 (0.1467)  loss_rpn_box_reg: 0.0250 (0.0370)  time: 0.5292  data: 0.0012  max mem: 2444
Epoch: [1]  [ 500/1122]  eta: 0:05:29  lr: 0.001000  loss: 0.6204 (0.6137)  loss_classifier: 0.2211 (0.2022)  loss_box_reg: 0.2107 (0.2338)  loss_objectness: 0.1343 (0.1421)  loss_rpn_box_reg: 0.0284 (0.0355)  time: 0.5288  data: 0.0012  max mem: 2444
Epoch: [1]  [ 600/1122]  eta: 0:04:36  lr: 0.001000  loss: 0.4226 (0.6129)  loss_classifier: 0.1230 (0.2013)  loss_box_reg: 0.1802 (0.2365)  loss_objectness: 0.0924 (0.1402)  loss_rpn_box_reg: 0.0161 (0.0350)  time: 0.5298  data: 0.0011  max mem: 2444
Epoch: [1]  [ 700/1122]  eta: 0:03:43  lr: 0.001000  loss: 0.3549 (0.6110)  loss_classifier: 0.1418 (0.2000)  loss_box_reg: 0.1714 (0.2392)  loss_objectness: 0.0800 (0.1376)  loss_rpn_box_reg: 0.0154 (0.0342)  time: 0.5300  data: 0.0012  max mem: 2444
Epoch: [1]  [ 800/1122]  eta: 0:02:50  lr: 0.001000  loss: 0.7116 (0.6073)  loss_classifier: 0.2082 (0.1979)  loss_box_reg: 0.3277 (0.2421)  loss_objectness: 0.1072 (0.1341)  loss_rpn_box_reg: 0.0222 (0.0332)  time: 0.5304  data: 0.0012  max mem: 2444
Epoch: [1]  [ 900/1122]  eta: 0:01:57  lr: 0.001000  loss: 0.7813 (0.6101)  loss_classifier: 0.2373 (0.1980)  loss_box_reg: 0.4041 (0.2476)  loss_objectness: 0.1237 (0.1319)  loss_rpn_box_reg: 0.0279 (0.0325)  time: 0.5300  data: 0.0012  max mem: 2444
Epoch: [1]  [1000/1122]  eta: 0:01:04  lr: 0.001000  loss: 0.7703 (0.6177)  loss_classifier: 0.2117 (0.1986)  loss_box_reg: 0.3850 (0.2566)  loss_objectness: 0.1132 (0.1303)  loss_rpn_box_reg: 0.0252 (0.0322)  time: 0.5304  data: 0.0012  max mem: 2444
Epoch: [1]  [1100/1122]  eta: 0:00:11  lr: 0.001000  loss: 0.6537 (0.6140)  loss_classifier: 0.1883 (0.1964)  loss_box_reg: 0.3507 (0.2595)  loss_objectness: 0.0980 (0.1268)  loss_rpn_box_reg: 0.0172 (0.0313)  time: 0.5304  data: 0.0012  max mem: 2444
Epoch: [1]  [1121/1122]  eta: 0:00:00  lr: 0.001000  loss: 0.7107 (0.6151)  loss_classifier: 0.2116 (0.1965)  loss_box_reg: 0.3596 (0.2611)  loss_objectness: 0.1099 (0.1264)  loss_rpn_box_reg: 0.0234 (0.0312)  time: 0.5304  data: 0.0011  max mem: 2444
Epoch: [1] Total time: 0:09:54 (0.5297 s / it)
Test:  [  0/180]  eta: 0:01:29  model_time: 0.2360 (0.2360)  evaluator_time: 0.1199 (0.1199)  time: 0.4981  data: 0.1295  max mem: 2444
Test:  [100/180]  eta: 0:00:17  model_time: 0.2048 (0.2069)  evaluator_time: 0.0089 (0.0142)  time: 0.2622  data: 0.0010  max mem: 2444
Test:  [179/180]  eta: 0:00:00  model_time: 0.2031 (0.2058)  evaluator_time: 0.0006 (0.0369)  time: 0.2097  data: 0.0009  max mem: 2444
Test: Total time: 0:00:44 (0.2452 s / it)
Average Precision  (AP) @[ IoU=0.50:0.95 | area=   all | maxDets=100 ] = 0.07310206774946172
Average Precision  (AP) @[ IoU=0.50      | area=   all | maxDets=100 ] = 0.2424399797407513
Average Precision  (AP) @[ IoU=0.75      | area=   all | maxDets=100 ] = 0.030106791501399402
Average Precision  (AP) @[ IoU=0.50:0.95 | area= small | maxDets=100 ] = 0.08608613151971133
Average Precision  (AP) @[ IoU=0.50:0.95 | area=medium | maxDets=100 ] = 0.0011606113864607293
Average Precision  (AP) @[ IoU=0.50:0.95 | area= large | maxDets=100 ] = -1.0
Average Recall     (AR) @[ IoU=0.50:0.95 | area=   all | maxDets=  1 ] = 0.002009811679063143
Average Recall     (AR) @[ IoU=0.50:0.95 | area=   all | maxDets= 10 ] = 0.02264598828928628
Average Recall     (AR) @[ IoU=0.50:0.95 | area=   all | maxDets=100 ] = 0.17342934008545657
Average Recall     (AR) @[ IoU=0.50:0.95 | area= small | maxDets=100 ] = 0.20491525423728815
Average Recall     (AR) @[ IoU=0.50:0.95 | area=medium | maxDets=100 ] = 0.0077304261645193256
Average Recall     (AR) @[ IoU=0.50:0.95 | area= large | maxDets=100 ] = -1.0



Epoch: [2]  [   0/1122]  eta: 0:12:36  lr: 0.001000  loss: 1.1267 (1.1267)  loss_classifier: 0.3325 (0.3325)  loss_box_reg: 0.5401 (0.5401)  loss_objectness: 0.1901 (0.1901)  loss_rpn_box_reg: 0.0639 (0.0639)  time: 0.6744  data: 0.1372  max mem: 2444
Epoch: [2]  [ 100/1122]  eta: 0:09:01  lr: 0.001000  loss: 0.2589 (0.5386)  loss_classifier: 0.0722 (0.1561)  loss_box_reg: 0.1032 (0.2788)  loss_objectness: 0.0517 (0.0828)  loss_rpn_box_reg: 0.0068 (0.0209)  time: 0.5287  data: 0.0011  max mem: 2444
Epoch: [2]  [ 200/1122]  eta: 0:08:08  lr: 0.001000  loss: 0.6223 (0.5294)  loss_classifier: 0.1482 (0.1512)  loss_box_reg: 0.3416 (0.2832)  loss_objectness: 0.0574 (0.0769)  loss_rpn_box_reg: 0.0150 (0.0181)  time: 0.5299  data: 0.0011  max mem: 2444
Epoch: [2]  [ 300/1122]  eta: 0:07:15  lr: 0.001000  loss: 0.6265 (0.5504)  loss_classifier: 0.1688 (0.1564)  loss_box_reg: 0.3678 (0.2994)  loss_objectness: 0.0746 (0.0760)  loss_rpn_box_reg: 0.0139 (0.0186)  time: 0.5295  data: 0.0011  max mem: 2444
Epoch: [2]  [ 400/1122]  eta: 0:06:22  lr: 0.001000  loss: 0.5866 (0.5364)  loss_classifier: 0.1336 (0.1515)  loss_box_reg: 0.3360 (0.2939)  loss_objectness: 0.0576 (0.0730)  loss_rpn_box_reg: 0.0090 (0.0180)  time: 0.5298  data: 0.0011  max mem: 2444
Epoch: [2]  [ 500/1122]  eta: 0:05:29  lr: 0.001000  loss: 0.6076 (0.5376)  loss_classifier: 0.1472 (0.1508)  loss_box_reg: 0.3583 (0.2976)  loss_objectness: 0.0693 (0.0716)  loss_rpn_box_reg: 0.0102 (0.0176)  time: 0.5294  data: 0.0012  max mem: 2444
Epoch: [2]  [ 600/1122]  eta: 0:04:36  lr: 0.001000  loss: 0.5939 (0.5304)  loss_classifier: 0.1371 (0.1484)  loss_box_reg: 0.3923 (0.2960)  loss_objectness: 0.0530 (0.0691)  loss_rpn_box_reg: 0.0087 (0.0169)  time: 0.5304  data: 0.0011  max mem: 2444
Epoch: [2]  [ 700/1122]  eta: 0:03:43  lr: 0.001000  loss: 0.6231 (0.5254)  loss_classifier: 0.1807 (0.1461)  loss_box_reg: 0.3792 (0.2958)  loss_objectness: 0.0619 (0.0672)  loss_rpn_box_reg: 0.0118 (0.0163)  time: 0.5308  data: 0.0012  max mem: 2444
Epoch: [2]  [ 800/1122]  eta: 0:02:50  lr: 0.001000  loss: 0.6029 (0.5275)  loss_classifier: 0.1319 (0.1461)  loss_box_reg: 0.3980 (0.2987)  loss_objectness: 0.0647 (0.0663)  loss_rpn_box_reg: 0.0093 (0.0164)  time: 0.5303  data: 0.0011  max mem: 2444
Epoch: [2]  [ 900/1122]  eta: 0:01:57  lr: 0.001000  loss: 0.5927 (0.5218)  loss_classifier: 0.1347 (0.1436)  loss_box_reg: 0.4170 (0.2976)  loss_objectness: 0.0474 (0.0646)  loss_rpn_box_reg: 0.0078 (0.0161)  time: 0.5303  data: 0.0011  max mem: 2444
Epoch: [2]  [1000/1122]  eta: 0:01:04  lr: 0.001000  loss: 0.5633 (0.5140)  loss_classifier: 0.1137 (0.1403)  loss_box_reg: 0.3758 (0.2955)  loss_objectness: 0.0443 (0.0628)  loss_rpn_box_reg: 0.0058 (0.0153)  time: 0.5306  data: 0.0011  max mem: 2444
Epoch: [2]  [1100/1122]  eta: 0:00:11  lr: 0.001000  loss: 0.5529 (0.5109)  loss_classifier: 0.1219 (0.1386)  loss_box_reg: 0.3666 (0.2961)  loss_objectness: 0.0306 (0.0613)  loss_rpn_box_reg: 0.0051 (0.0149)  time: 0.5307  data: 0.0011  max mem: 2444
Epoch: [2]  [1121/1122]  eta: 0:00:00  lr: 0.001000  loss: 0.4917 (0.5105)  loss_classifier: 0.1186 (0.1386)  loss_box_reg: 0.2420 (0.2960)  loss_objectness: 0.0297 (0.0610)  loss_rpn_box_reg: 0.0054 (0.0148)  time: 0.5307  data: 0.0011  max mem: 2444
Epoch: [2] Total time: 0:09:54 (0.5301 s / it)
Test:  [  0/180]  eta: 0:01:26  model_time: 0.2195 (0.2195)  evaluator_time: 0.1231 (0.1231)  time: 0.4778  data: 0.1229  max mem: 2444
Test:  [100/180]  eta: 0:00:18  model_time: 0.2044 (0.2111)  evaluator_time: 0.0062 (0.0136)  time: 0.2639  data: 0.0010  max mem: 2444
Test:  [179/180]  eta: 0:00:00  model_time: 0.2180 (0.2098)  evaluator_time: 0.0005 (0.0362)  time: 0.2210  data: 0.0009  max mem: 2444
Test: Total time: 0:00:44 (0.2486 s / it)
Average Precision  (AP) @[ IoU=0.50:0.95 | area=   all | maxDets=100 ] = 0.13514769151146863
Average Precision  (AP) @[ IoU=0.50      | area=   all | maxDets=100 ] = 0.35943519887442743
Average Precision  (AP) @[ IoU=0.75      | area=   all | maxDets=100 ] = 0.07029256852516784
Average Precision  (AP) @[ IoU=0.50:0.95 | area= small | maxDets=100 ] = 0.1593379350667911
Average Precision  (AP) @[ IoU=0.50:0.95 | area=medium | maxDets=100 ] = 0.006700600952541067
Average Precision  (AP) @[ IoU=0.50:0.95 | area= large | maxDets=100 ] = -1.0
Average Recall     (AR) @[ IoU=0.50:0.95 | area=   all | maxDets=  1 ] = 0.006108561481247033
Average Recall     (AR) @[ IoU=0.50:0.95 | area=   all | maxDets= 10 ] = 0.04867858838423801
Average Recall     (AR) @[ IoU=0.50:0.95 | area=   all | maxDets=100 ] = 0.2072954581421111
Average Recall     (AR) @[ IoU=0.50:0.95 | area= small | maxDets=100 ] = 0.2433145009416196
Average Recall     (AR) @[ IoU=0.50:0.95 | area=medium | maxDets=100 ] = 0.01774033696729435
Average Recall     (AR) @[ IoU=0.50:0.95 | area= large | maxDets=100 ] = -1.0



Epoch: [3]  [   0/1122]  eta: 0:12:23  lr: 0.001000  loss: 0.0058 (0.0058)  loss_classifier: 0.0018 (0.0018)  loss_box_reg: 0.0000 (0.0000)  loss_objectness: 0.0040 (0.0040)  loss_rpn_box_reg: 0.0000 (0.0000)  time: 0.6631  data: 0.1211  max mem: 2444
Epoch: [3]  [ 100/1122]  eta: 0:09:01  lr: 0.001000  loss: 0.5370 (0.3936)  loss_classifier: 0.1053 (0.0957)  loss_box_reg: 0.3420 (0.2507)  loss_objectness: 0.0435 (0.0389)  loss_rpn_box_reg: 0.0045 (0.0083)  time: 0.5289  data: 0.0011  max mem: 2444
Epoch: [3]  [ 200/1122]  eta: 0:08:08  lr: 0.001000  loss: 0.5415 (0.4086)  loss_classifier: 0.1113 (0.0988)  loss_box_reg: 0.3598 (0.2615)  loss_objectness: 0.0531 (0.0399)  loss_rpn_box_reg: 0.0037 (0.0085)  time: 0.5290  data: 0.0012  max mem: 2444
Epoch: [3]  [ 300/1122]  eta: 0:07:15  lr: 0.001000  loss: 0.2588 (0.4084)  loss_classifier: 0.0761 (0.0983)  loss_box_reg: 0.1323 (0.2616)  loss_objectness: 0.0282 (0.0398)  loss_rpn_box_reg: 0.0048 (0.0086)  time: 0.5293  data: 0.0012  max mem: 2444
Epoch: [3]  [ 400/1122]  eta: 0:06:22  lr: 0.001000  loss: 0.5629 (0.4225)  loss_classifier: 0.1112 (0.1017)  loss_box_reg: 0.3902 (0.2709)  loss_objectness: 0.0503 (0.0407)  loss_rpn_box_reg: 0.0054 (0.0091)  time: 0.5290  data: 0.0012  max mem: 2444
Epoch: [3]  [ 500/1122]  eta: 0:05:29  lr: 0.001000  loss: 0.2438 (0.4210)  loss_classifier: 0.0596 (0.1025)  loss_box_reg: 0.1698 (0.2685)  loss_objectness: 0.0199 (0.0404)  loss_rpn_box_reg: 0.0020 (0.0096)  time: 0.5296  data: 0.0012  max mem: 2444
Epoch: [3]  [ 600/1122]  eta: 0:04:36  lr: 0.001000  loss: 0.4549 (0.4171)  loss_classifier: 0.0806 (0.1011)  loss_box_reg: 0.3200 (0.2670)  loss_objectness: 0.0350 (0.0397)  loss_rpn_box_reg: 0.0054 (0.0093)  time: 0.5291  data: 0.0011  max mem: 2444
Epoch: [3]  [ 700/1122]  eta: 0:03:43  lr: 0.001000  loss: 0.5218 (0.4292)  loss_classifier: 0.1143 (0.1038)  loss_box_reg: 0.3434 (0.2760)  loss_objectness: 0.0490 (0.0399)  loss_rpn_box_reg: 0.0038 (0.0095)  time: 0.5291  data: 0.0012  max mem: 2444
Epoch: [3]  [ 800/1122]  eta: 0:02:50  lr: 0.001000  loss: 0.4873 (0.4255)  loss_classifier: 0.0815 (0.1026)  loss_box_reg: 0.3396 (0.2740)  loss_objectness: 0.0332 (0.0395)  loss_rpn_box_reg: 0.0024 (0.0094)  time: 0.5296  data: 0.0011  max mem: 2444
Epoch: [3]  [ 900/1122]  eta: 0:01:57  lr: 0.001000  loss: 0.4990 (0.4232)  loss_classifier: 0.0982 (0.1018)  loss_box_reg: 0.3681 (0.2728)  loss_objectness: 0.0404 (0.0392)  loss_rpn_box_reg: 0.0046 (0.0094)  time: 0.5287  data: 0.0011  max mem: 2444
Epoch: [3]  [1000/1122]  eta: 0:01:04  lr: 0.001000  loss: 0.4535 (0.4218)  loss_classifier: 0.0773 (0.1011)  loss_box_reg: 0.3097 (0.2726)  loss_objectness: 0.0288 (0.0388)  loss_rpn_box_reg: 0.0033 (0.0093)  time: 0.5300  data: 0.0012  max mem: 2444
Epoch: [3]  [1100/1122]  eta: 0:00:11  lr: 0.001000  loss: 0.5085 (0.4240)  loss_classifier: 0.1138 (0.1015)  loss_box_reg: 0.3582 (0.2744)  loss_objectness: 0.0355 (0.0387)  loss_rpn_box_reg: 0.0044 (0.0094)  time: 0.5299  data: 0.0012  max mem: 2444
Epoch: [3]  [1121/1122]  eta: 0:00:00  lr: 0.001000  loss: 0.4330 (0.4229)  loss_classifier: 0.0888 (0.1015)  loss_box_reg: 0.2314 (0.2735)  loss_objectness: 0.0252 (0.0386)  loss_rpn_box_reg: 0.0026 (0.0094)  time: 0.5301  data: 0.0011  max mem: 2444
Epoch: [3] Total time: 0:09:53 (0.5294 s / it)
Test:  [  0/180]  eta: 0:01:22  model_time: 0.2179 (0.2179)  evaluator_time: 0.1192 (0.1192)  time: 0.4611  data: 0.1115  max mem: 2444
Test:  [100/180]  eta: 0:00:17  model_time: 0.2058 (0.2073)  evaluator_time: 0.0075 (0.0141)  time: 0.2627  data: 0.0010  max mem: 2444
Test:  [179/180]  eta: 0:00:00  model_time: 0.2057 (0.2070)  evaluator_time: 0.0005 (0.0360)  time: 0.2121  data: 0.0009  max mem: 2444
Test: Total time: 0:00:44 (0.2455 s / it)
Average Precision  (AP) @[ IoU=0.50:0.95 | area=   all | maxDets=100 ] = 0.15945713350038931
Average Precision  (AP) @[ IoU=0.50      | area=   all | maxDets=100 ] = 0.4003690723015852
Average Precision  (AP) @[ IoU=0.75      | area=   all | maxDets=100 ] = 0.08455892093524091
Average Precision  (AP) @[ IoU=0.50:0.95 | area= small | maxDets=100 ] = 0.18632831054330032
Average Precision  (AP) @[ IoU=0.50:0.95 | area=medium | maxDets=100 ] = 0.016884900070989507
Average Precision  (AP) @[ IoU=0.50:0.95 | area= large | maxDets=100 ] = -1.0
Average Recall     (AR) @[ IoU=0.50:0.95 | area=   all | maxDets=  1 ] = 0.005523025795220763
Average Recall     (AR) @[ IoU=0.50:0.95 | area=   all | maxDets= 10 ] = 0.04644722266181358
Average Recall     (AR) @[ IoU=0.50:0.95 | area=   all | maxDets=100 ] = 0.2549612280424118
Average Recall     (AR) @[ IoU=0.50:0.95 | area= small | maxDets=100 ] = 0.2970433145009416
Average Recall     (AR) @[ IoU=0.50:0.95 | area=medium | maxDets=100 ] = 0.03349851337958375
Average Recall     (AR) @[ IoU=0.50:0.95 | area= large | maxDets=100 ] = -1.0



Epoch: [4]  [   0/1122]  eta: 0:12:37  lr: 0.001000  loss: 0.3357 (0.3357)  loss_classifier: 0.0694 (0.0694)  loss_box_reg: 0.2441 (0.2441)  loss_objectness: 0.0195 (0.0195)  loss_rpn_box_reg: 0.0026 (0.0026)  time: 0.6750  data: 0.1297  max mem: 2444
Epoch: [4]  [ 100/1122]  eta: 0:09:01  lr: 0.001000  loss: 0.2699 (0.3853)  loss_classifier: 0.0635 (0.0858)  loss_box_reg: 0.1761 (0.2582)  loss_objectness: 0.0212 (0.0328)  loss_rpn_box_reg: 0.0018 (0.0085)  time: 0.5293  data: 0.0012  max mem: 2444
Epoch: [4]  [ 200/1122]  eta: 0:08:08  lr: 0.001000  loss: 0.4166 (0.3745)  loss_classifier: 0.0711 (0.0825)  loss_box_reg: 0.3006 (0.2518)  loss_objectness: 0.0282 (0.0324)  loss_rpn_box_reg: 0.0024 (0.0077)  time: 0.5290  data: 0.0011  max mem: 2444
Epoch: [4]  [ 300/1122]  eta: 0:07:15  lr: 0.001000  loss: 0.4775 (0.3802)  loss_classifier: 0.0654 (0.0838)  loss_box_reg: 0.3585 (0.2563)  loss_objectness: 0.0221 (0.0325)  loss_rpn_box_reg: 0.0027 (0.0076)  time: 0.5303  data: 0.0012  max mem: 2444
Epoch: [4]  [ 400/1122]  eta: 0:06:22  lr: 0.001000  loss: 0.4178 (0.3753)  loss_classifier: 0.0779 (0.0825)  loss_box_reg: 0.2984 (0.2532)  loss_objectness: 0.0368 (0.0321)  loss_rpn_box_reg: 0.0069 (0.0075)  time: 0.5307  data: 0.0012  max mem: 2444
Epoch: [4]  [ 500/1122]  eta: 0:05:29  lr: 0.001000  loss: 0.3291 (0.3727)  loss_classifier: 0.0640 (0.0825)  loss_box_reg: 0.2408 (0.2509)  loss_objectness: 0.0166 (0.0319)  loss_rpn_box_reg: 0.0018 (0.0073)  time: 0.5307  data: 0.0012  max mem: 2444
Epoch: [4]  [ 600/1122]  eta: 0:04:36  lr: 0.001000  loss: 0.2225 (0.3660)  loss_classifier: 0.0405 (0.0813)  loss_box_reg: 0.1361 (0.2462)  loss_objectness: 0.0182 (0.0312)  loss_rpn_box_reg: 0.0017 (0.0073)  time: 0.5330  data: 0.0011  max mem: 2444
Epoch: [4]  [ 700/1122]  eta: 0:03:44  lr: 0.001000  loss: 0.4417 (0.3680)  loss_classifier: 0.0745 (0.0820)  loss_box_reg: 0.3197 (0.2471)  loss_objectness: 0.0398 (0.0314)  loss_rpn_box_reg: 0.0036 (0.0075)  time: 0.5370  data: 0.0012  max mem: 2444
Epoch: [4]  [ 800/1122]  eta: 0:02:51  lr: 0.001000  loss: 0.3935 (0.3716)  loss_classifier: 0.0888 (0.0830)  loss_box_reg: 0.3058 (0.2497)  loss_objectness: 0.0273 (0.0314)  loss_rpn_box_reg: 0.0047 (0.0075)  time: 0.5360  data: 0.0011  max mem: 2444
Epoch: [4]  [ 900/1122]  eta: 0:01:58  lr: 0.001000  loss: 0.3752 (0.3672)  loss_classifier: 0.0648 (0.0821)  loss_box_reg: 0.2712 (0.2469)  loss_objectness: 0.0270 (0.0308)  loss_rpn_box_reg: 0.0019 (0.0074)  time: 0.5389  data: 0.0011  max mem: 2444
Epoch: [4]  [1000/1122]  eta: 0:01:05  lr: 0.001000  loss: 0.1980 (0.3643)  loss_classifier: 0.0426 (0.0815)  loss_box_reg: 0.1315 (0.2449)  loss_objectness: 0.0131 (0.0305)  loss_rpn_box_reg: 0.0020 (0.0074)  time: 0.5374  data: 0.0012  max mem: 2444
Epoch: [4]  [1100/1122]  eta: 0:00:11  lr: 0.001000  loss: 0.3485 (0.3585)  loss_classifier: 0.0697 (0.0800)  loss_box_reg: 0.2326 (0.2411)  loss_objectness: 0.0302 (0.0302)  loss_rpn_box_reg: 0.0022 (0.0072)  time: 0.5387  data: 0.0012  max mem: 2444
Epoch: [4]  [1121/1122]  eta: 0:00:00  lr: 0.001000  loss: 0.4911 (0.3603)  loss_classifier: 0.0978 (0.0805)  loss_box_reg: 0.3472 (0.2422)  loss_objectness: 0.0367 (0.0303)  loss_rpn_box_reg: 0.0066 (0.0073)  time: 0.5382  data: 0.0011  max mem: 2444
Epoch: [4] Total time: 0:09:58 (0.5337 s / it)
Test:  [  0/180]  eta: 0:01:23  model_time: 0.2220 (0.2220)  evaluator_time: 0.1195 (0.1195)  time: 0.4636  data: 0.1090  max mem: 2444
Test:  [100/180]  eta: 0:00:18  model_time: 0.2055 (0.2151)  evaluator_time: 0.0046 (0.0132)  time: 0.2660  data: 0.0010  max mem: 2444
Test:  [179/180]  eta: 0:00:00  model_time: 0.2178 (0.2133)  evaluator_time: 0.0002 (0.0353)  time: 0.2217  data: 0.0008  max mem: 2444
Test: Total time: 0:00:45 (0.2511 s / it)
Average Precision  (AP) @[ IoU=0.50:0.95 | area=   all | maxDets=100 ] = 0.17875628876177801
Average Precision  (AP) @[ IoU=0.50      | area=   all | maxDets=100 ] = 0.43079649444383145
Average Precision  (AP) @[ IoU=0.75      | area=   all | maxDets=100 ] = 0.11349846844972893
Average Precision  (AP) @[ IoU=0.50:0.95 | area= small | maxDets=100 ] = 0.21028122930076432
Average Precision  (AP) @[ IoU=0.50:0.95 | area=medium | maxDets=100 ] = 0.013079586491000737
Average Precision  (AP) @[ IoU=0.50:0.95 | area= large | maxDets=100 ] = -1.0
Average Recall     (AR) @[ IoU=0.50:0.95 | area=   all | maxDets=  1 ] = 0.006915651210634595
Average Recall     (AR) @[ IoU=0.50:0.95 | area=   all | maxDets= 10 ] = 0.04445323627156196
Average Recall     (AR) @[ IoU=0.50:0.95 | area=   all | maxDets=100 ] = 0.28230732710871975
Average Recall     (AR) @[ IoU=0.50:0.95 | area= small | maxDets=100 ] = 0.3312994350282486
Average Recall     (AR) @[ IoU=0.50:0.95 | area=medium | maxDets=100 ] = 0.024479682854311194
Average Recall     (AR) @[ IoU=0.50:0.95 | area= large | maxDets=100 ] = -1.0



Epoch: [5]  [   0/1122]  eta: 0:12:36  lr: 0.001000  loss: 0.3716 (0.3716)  loss_classifier: 0.0709 (0.0709)  loss_box_reg: 0.2492 (0.2492)  loss_objectness: 0.0479 (0.0479)  loss_rpn_box_reg: 0.0036 (0.0036)  time: 0.6740  data: 0.1286  max mem: 2444
Epoch: [5]  [ 100/1122]  eta: 0:09:05  lr: 0.001000  loss: 0.3627 (0.3186)  loss_classifier: 0.0568 (0.0708)  loss_box_reg: 0.2561 (0.2169)  loss_objectness: 0.0217 (0.0242)  loss_rpn_box_reg: 0.0021 (0.0067)  time: 0.5361  data: 0.0012  max mem: 2444
Epoch: [5]  [ 200/1122]  eta: 0:08:14  lr: 0.001000  loss: 0.3660 (0.3201)  loss_classifier: 0.0591 (0.0692)  loss_box_reg: 0.2711 (0.2203)  loss_objectness: 0.0237 (0.0244)  loss_rpn_box_reg: 0.0018 (0.0062)  time: 0.5393  data: 0.0012  max mem: 2444
Epoch: [5]  [ 300/1122]  eta: 0:07:21  lr: 0.001000  loss: 0.2492 (0.3144)  loss_classifier: 0.0456 (0.0682)  loss_box_reg: 0.1397 (0.2160)  loss_objectness: 0.0109 (0.0242)  loss_rpn_box_reg: 0.0017 (0.0060)  time: 0.5418  data: 0.0012  max mem: 2444
Epoch: [5]  [ 400/1122]  eta: 0:06:28  lr: 0.001000  loss: 0.4309 (0.3125)  loss_classifier: 0.0842 (0.0687)  loss_box_reg: 0.3087 (0.2134)  loss_objectness: 0.0297 (0.0243)  loss_rpn_box_reg: 0.0045 (0.0061)  time: 0.5426  data: 0.0012  max mem: 2444
Epoch: [5]  [ 500/1122]  eta: 0:05:35  lr: 0.001000  loss: 0.3256 (0.3151)  loss_classifier: 0.0501 (0.0692)  loss_box_reg: 0.2526 (0.2152)  loss_objectness: 0.0204 (0.0246)  loss_rpn_box_reg: 0.0025 (0.0062)  time: 0.5407  data: 0.0011  max mem: 2444
Epoch: [5]  [ 600/1122]  eta: 0:04:41  lr: 0.001000  loss: 0.3285 (0.3149)  loss_classifier: 0.0559 (0.0688)  loss_box_reg: 0.2383 (0.2155)  loss_objectness: 0.0277 (0.0244)  loss_rpn_box_reg: 0.0019 (0.0061)  time: 0.5420  data: 0.0012  max mem: 2444
Epoch: [5]  [ 700/1122]  eta: 0:03:47  lr: 0.001000  loss: 0.2010 (0.3116)  loss_classifier: 0.0446 (0.0682)  loss_box_reg: 0.1376 (0.2132)  loss_objectness: 0.0074 (0.0242)  loss_rpn_box_reg: 0.0013 (0.0060)  time: 0.5429  data: 0.0012  max mem: 2444
Epoch: [5]  [ 800/1122]  eta: 0:02:53  lr: 0.001000  loss: 0.3106 (0.3121)  loss_classifier: 0.0492 (0.0679)  loss_box_reg: 0.2440 (0.2140)  loss_objectness: 0.0280 (0.0243)  loss_rpn_box_reg: 0.0043 (0.0060)  time: 0.5446  data: 0.0011  max mem: 2444
Epoch: [5]  [ 900/1122]  eta: 0:01:59  lr: 0.001000  loss: 0.3021 (0.3135)  loss_classifier: 0.0575 (0.0677)  loss_box_reg: 0.2329 (0.2154)  loss_objectness: 0.0271 (0.0244)  loss_rpn_box_reg: 0.0022 (0.0060)  time: 0.5440  data: 0.0012  max mem: 2444
Epoch: [5]  [1000/1122]  eta: 0:01:05  lr: 0.001000  loss: 0.3035 (0.3141)  loss_classifier: 0.0482 (0.0678)  loss_box_reg: 0.2320 (0.2156)  loss_objectness: 0.0266 (0.0246)  loss_rpn_box_reg: 0.0021 (0.0061)  time: 0.5450  data: 0.0012  max mem: 2444
Epoch: [5]  [1100/1122]  eta: 0:00:11  lr: 0.001000  loss: 0.2880 (0.3106)  loss_classifier: 0.0362 (0.0667)  loss_box_reg: 0.2201 (0.2136)  loss_objectness: 0.0229 (0.0244)  loss_rpn_box_reg: 0.0012 (0.0060)  time: 0.5432  data: 0.0012  max mem: 2444
Epoch: [5]  [1121/1122]  eta: 0:00:00  lr: 0.001000  loss: 0.4338 (0.3117)  loss_classifier: 0.0779 (0.0670)  loss_box_reg: 0.2973 (0.2142)  loss_objectness: 0.0286 (0.0245)  loss_rpn_box_reg: 0.0047 (0.0061)  time: 0.5400  data: 0.0011  max mem: 2444
Epoch: [5] Total time: 0:10:06 (0.5408 s / it)
Test:  [  0/180]  eta: 0:01:26  model_time: 0.2206 (0.2206)  evaluator_time: 0.1192 (0.1192)  time: 0.4807  data: 0.1281  max mem: 2444
Test:  [100/180]  eta: 0:00:18  model_time: 0.2078 (0.2154)  evaluator_time: 0.0041 (0.0128)  time: 0.2644  data: 0.0009  max mem: 2444
Test:  [179/180]  eta: 0:00:00  model_time: 0.2189 (0.2137)  evaluator_time: 0.0002 (0.0347)  time: 0.2243  data: 0.0009  max mem: 2444
Test: Total time: 0:00:45 (0.2510 s / it)
Average Precision  (AP) @[ IoU=0.50:0.95 | area=   all | maxDets=100 ] = 0.20407339880988518
Average Precision  (AP) @[ IoU=0.50      | area=   all | maxDets=100 ] = 0.5018538723647876
Average Precision  (AP) @[ IoU=0.75      | area=   all | maxDets=100 ] = 0.12208363797761933
Average Precision  (AP) @[ IoU=0.50:0.95 | area= small | maxDets=100 ] = 0.24064321056776034
Average Precision  (AP) @[ IoU=0.50:0.95 | area=medium | maxDets=100 ] = 0.015499636004799013
Average Precision  (AP) @[ IoU=0.50:0.95 | area= large | maxDets=100 ] = -1.0
Average Recall     (AR) @[ IoU=0.50:0.95 | area=   all | maxDets=  1 ] = 0.007105554676372842
Average Recall     (AR) @[ IoU=0.50:0.95 | area=   all | maxDets= 10 ] = 0.04703275834783984
Average Recall     (AR) @[ IoU=0.50:0.95 | area=   all | maxDets=100 ] = 0.31142585852191806
Average Recall     (AR) @[ IoU=0.50:0.95 | area= small | maxDets=100 ] = 0.36510357815442557
Average Recall     (AR) @[ IoU=0.50:0.95 | area=medium | maxDets=100 ] = 0.029137760158572844
Average Recall     (AR) @[ IoU=0.50:0.95 | area= large | maxDets=100 ] = -1.0



Epoch: [6]  [   0/1122]  eta: 0:12:56  lr: 0.001000  loss: 0.3039 (0.3039)  loss_classifier: 0.0457 (0.0457)  loss_box_reg: 0.2259 (0.2259)  loss_objectness: 0.0290 (0.0290)  loss_rpn_box_reg: 0.0033 (0.0033)  time: 0.6923  data: 0.1418  max mem: 2444
Epoch: [6]  [ 100/1122]  eta: 0:09:09  lr: 0.001000  loss: 0.3448 (0.2942)  loss_classifier: 0.0576 (0.0606)  loss_box_reg: 0.2480 (0.2044)  loss_objectness: 0.0171 (0.0240)  loss_rpn_box_reg: 0.0019 (0.0053)  time: 0.5409  data: 0.0011  max mem: 2444
Epoch: [6]  [ 200/1122]  eta: 0:08:18  lr: 0.001000  loss: 0.1798 (0.2970)  loss_classifier: 0.0312 (0.0619)  loss_box_reg: 0.1453 (0.2063)  loss_objectness: 0.0122 (0.0230)  loss_rpn_box_reg: 0.0016 (0.0059)  time: 0.5433  data: 0.0012  max mem: 2444
Epoch: [6]  [ 300/1122]  eta: 0:07:24  lr: 0.001000  loss: 0.2460 (0.2926)  loss_classifier: 0.0364 (0.0600)  loss_box_reg: 0.1911 (0.2048)  loss_objectness: 0.0164 (0.0222)  loss_rpn_box_reg: 0.0029 (0.0055)  time: 0.5406  data: 0.0012  max mem: 2444
Epoch: [6]  [ 400/1122]  eta: 0:06:31  lr: 0.001000  loss: 0.1050 (0.2806)  loss_classifier: 0.0214 (0.0576)  loss_box_reg: 0.0791 (0.1969)  loss_objectness: 0.0051 (0.0210)  loss_rpn_box_reg: 0.0008 (0.0051)  time: 0.5460  data: 0.0011  max mem: 2444
Epoch: [6]  [ 500/1122]  eta: 0:05:37  lr: 0.001000  loss: 0.3262 (0.2810)  loss_classifier: 0.0493 (0.0584)  loss_box_reg: 0.2496 (0.1965)  loss_objectness: 0.0153 (0.0210)  loss_rpn_box_reg: 0.0028 (0.0051)  time: 0.5427  data: 0.0011  max mem: 2444
Epoch: [6]  [ 600/1122]  eta: 0:04:43  lr: 0.001000  loss: 0.3016 (0.2794)  loss_classifier: 0.0582 (0.0578)  loss_box_reg: 0.2248 (0.1956)  loss_objectness: 0.0179 (0.0209)  loss_rpn_box_reg: 0.0023 (0.0051)  time: 0.5452  data: 0.0012  max mem: 2444
Epoch: [6]  [ 700/1122]  eta: 0:03:49  lr: 0.001000  loss: 0.0912 (0.2803)  loss_classifier: 0.0266 (0.0586)  loss_box_reg: 0.0622 (0.1957)  loss_objectness: 0.0090 (0.0208)  loss_rpn_box_reg: 0.0011 (0.0053)  time: 0.5446  data: 0.0011  max mem: 2444
Epoch: [6]  [ 800/1122]  eta: 0:02:54  lr: 0.001000  loss: 0.2409 (0.2776)  loss_classifier: 0.0430 (0.0578)  loss_box_reg: 0.1853 (0.1942)  loss_objectness: 0.0173 (0.0204)  loss_rpn_box_reg: 0.0014 (0.0052)  time: 0.5449  data: 0.0012  max mem: 2444
Epoch: [6]  [ 900/1122]  eta: 0:02:00  lr: 0.001000  loss: 0.2307 (0.2760)  loss_classifier: 0.0342 (0.0575)  loss_box_reg: 0.1746 (0.1928)  loss_objectness: 0.0226 (0.0205)  loss_rpn_box_reg: 0.0015 (0.0052)  time: 0.5454  data: 0.0012  max mem: 2444
Epoch: [6]  [1000/1122]  eta: 0:01:06  lr: 0.001000  loss: 0.1781 (0.2761)  loss_classifier: 0.0276 (0.0579)  loss_box_reg: 0.1386 (0.1924)  loss_objectness: 0.0163 (0.0205)  loss_rpn_box_reg: 0.0015 (0.0053)  time: 0.5472  data: 0.0012  max mem: 2444
Epoch: [6]  [1100/1122]  eta: 0:00:11  lr: 0.001000  loss: 0.1574 (0.2742)  loss_classifier: 0.0270 (0.0573)  loss_box_reg: 0.1093 (0.1912)  loss_objectness: 0.0201 (0.0204)  loss_rpn_box_reg: 0.0017 (0.0053)  time: 0.5453  data: 0.0012  max mem: 2444
Epoch: [6]  [1121/1122]  eta: 0:00:00  lr: 0.001000  loss: 0.2636 (0.2745)  loss_classifier: 0.0515 (0.0574)  loss_box_reg: 0.1988 (0.1913)  loss_objectness: 0.0190 (0.0205)  loss_rpn_box_reg: 0.0019 (0.0053)  time: 0.5458  data: 0.0011  max mem: 2444
Epoch: [6] Total time: 0:10:10 (0.5438 s / it)
Test:  [  0/180]  eta: 0:01:27  model_time: 0.2246 (0.2246)  evaluator_time: 0.1182 (0.1182)  time: 0.4881  data: 0.1316  max mem: 2444
Test:  [100/180]  eta: 0:00:18  model_time: 0.2057 (0.2127)  evaluator_time: 0.0037 (0.0128)  time: 0.2656  data: 0.0010  max mem: 2444
Test:  [179/180]  eta: 0:00:00  model_time: 0.2140 (0.2113)  evaluator_time: 0.0002 (0.0349)  time: 0.2192  data: 0.0010  max mem: 2444
Test: Total time: 0:00:44 (0.2488 s / it)
Average Precision  (AP) @[ IoU=0.50:0.95 | area=   all | maxDets=100 ] = 0.18762346354121895
Average Precision  (AP) @[ IoU=0.50      | area=   all | maxDets=100 ] = 0.488796783592977
Average Precision  (AP) @[ IoU=0.75      | area=   all | maxDets=100 ] = 0.10405080714241867
Average Precision  (AP) @[ IoU=0.50:0.95 | area= small | maxDets=100 ] = 0.2207556232629404
Average Precision  (AP) @[ IoU=0.50:0.95 | area=medium | maxDets=100 ] = 0.0222803684960637
Average Precision  (AP) @[ IoU=0.50:0.95 | area= large | maxDets=100 ] = -1.0
Average Recall     (AR) @[ IoU=0.50:0.95 | area=   all | maxDets=  1 ] = 0.0068998259218230745
Average Recall     (AR) @[ IoU=0.50:0.95 | area=   all | maxDets= 10 ] = 0.041161576198765634
Average Recall     (AR) @[ IoU=0.50:0.95 | area=   all | maxDets=100 ] = 0.2937331856306377
Average Recall     (AR) @[ IoU=0.50:0.95 | area= small | maxDets=100 ] = 0.3432015065913371
Average Recall     (AR) @[ IoU=0.50:0.95 | area=medium | maxDets=100 ] = 0.03339940535183351
Average Recall     (AR) @[ IoU=0.50:0.95 | area= large | maxDets=100 ] = -1.0



Epoch: [7]  [   0/1122]  eta: 0:12:27  lr: 0.001000  loss: 0.1993 (0.1993)  loss_classifier: 0.0315 (0.0315)  loss_box_reg: 0.1583 (0.1583)  loss_objectness: 0.0079 (0.0079)  loss_rpn_box_reg: 0.0015 (0.0015)  time: 0.6666  data: 0.1192  max mem: 2444
Epoch: [7]  [ 100/1122]  eta: 0:09:13  lr: 0.001000  loss: 0.2493 (0.2508)  loss_classifier: 0.0352 (0.0521)  loss_box_reg: 0.1874 (0.1745)  loss_objectness: 0.0210 (0.0197)  loss_rpn_box_reg: 0.0019 (0.0045)  time: 0.5442  data: 0.0011  max mem: 2444
Epoch: [7]  [ 200/1122]  eta: 0:08:20  lr: 0.001000  loss: 0.2412 (0.2464)  loss_classifier: 0.0363 (0.0516)  loss_box_reg: 0.1748 (0.1710)  loss_objectness: 0.0178 (0.0192)  loss_rpn_box_reg: 0.0022 (0.0046)  time: 0.5452  data: 0.0011  max mem: 2444
Epoch: [7]  [ 300/1122]  eta: 0:07:26  lr: 0.001000  loss: 0.3437 (0.2559)  loss_classifier: 0.0646 (0.0548)  loss_box_reg: 0.2532 (0.1764)  loss_objectness: 0.0193 (0.0194)  loss_rpn_box_reg: 0.0042 (0.0053)  time: 0.5464  data: 0.0012  max mem: 2444
Epoch: [7]  [ 400/1122]  eta: 0:06:33  lr: 0.001000  loss: 0.2452 (0.2547)  loss_classifier: 0.0372 (0.0538)  loss_box_reg: 0.1841 (0.1762)  loss_objectness: 0.0174 (0.0195)  loss_rpn_box_reg: 0.0016 (0.0052)  time: 0.5462  data: 0.0012  max mem: 2444
Epoch: [7]  [ 500/1122]  eta: 0:05:38  lr: 0.001000  loss: 0.1881 (0.2540)  loss_classifier: 0.0414 (0.0534)  loss_box_reg: 0.1386 (0.1758)  loss_objectness: 0.0108 (0.0197)  loss_rpn_box_reg: 0.0017 (0.0051)  time: 0.5474  data: 0.0011  max mem: 2444
Epoch: [7]  [ 600/1122]  eta: 0:04:44  lr: 0.001000  loss: 0.2215 (0.2523)  loss_classifier: 0.0437 (0.0530)  loss_box_reg: 0.1721 (0.1747)  loss_objectness: 0.0208 (0.0196)  loss_rpn_box_reg: 0.0022 (0.0051)  time: 0.5468  data: 0.0012  max mem: 2444
Epoch: [7]  [ 700/1122]  eta: 0:03:50  lr: 0.001000  loss: 0.1470 (0.2493)  loss_classifier: 0.0206 (0.0522)  loss_box_reg: 0.1115 (0.1726)  loss_objectness: 0.0068 (0.0194)  loss_rpn_box_reg: 0.0011 (0.0050)  time: 0.5450  data: 0.0011  max mem: 2444
Epoch: [7]  [ 800/1122]  eta: 0:02:55  lr: 0.001000  loss: 0.2003 (0.2483)  loss_classifier: 0.0416 (0.0520)  loss_box_reg: 0.1527 (0.1720)  loss_objectness: 0.0165 (0.0194)  loss_rpn_box_reg: 0.0016 (0.0050)  time: 0.5461  data: 0.0013  max mem: 2444
Epoch: [7]  [ 900/1122]  eta: 0:02:01  lr: 0.001000  loss: 0.2399 (0.2444)  loss_classifier: 0.0446 (0.0510)  loss_box_reg: 0.1880 (0.1696)  loss_objectness: 0.0194 (0.0189)  loss_rpn_box_reg: 0.0022 (0.0049)  time: 0.5474  data: 0.0011  max mem: 2444
Epoch: [7]  [1000/1122]  eta: 0:01:06  lr: 0.001000  loss: 0.1623 (0.2422)  loss_classifier: 0.0327 (0.0507)  loss_box_reg: 0.1262 (0.1680)  loss_objectness: 0.0162 (0.0187)  loss_rpn_box_reg: 0.0014 (0.0048)  time: 0.5460  data: 0.0012  max mem: 2444
Epoch: [7]  [1100/1122]  eta: 0:00:12  lr: 0.001000  loss: 0.1717 (0.2393)  loss_classifier: 0.0297 (0.0502)  loss_box_reg: 0.1256 (0.1660)  loss_objectness: 0.0139 (0.0184)  loss_rpn_box_reg: 0.0014 (0.0047)  time: 0.5472  data: 0.0012  max mem: 2444
Epoch: [7]  [1121/1122]  eta: 0:00:00  lr: 0.001000  loss: 0.1891 (0.2397)  loss_classifier: 0.0437 (0.0504)  loss_box_reg: 0.1331 (0.1662)  loss_objectness: 0.0140 (0.0184)  loss_rpn_box_reg: 0.0013 (0.0047)  time: 0.5461  data: 0.0012  max mem: 2444
Epoch: [7] Total time: 0:10:12 (0.5457 s / it)
Test:  [  0/180]  eta: 0:01:26  model_time: 0.2159 (0.2159)  evaluator_time: 0.1205 (0.1205)  time: 0.4791  data: 0.1296  max mem: 2444
Test:  [100/180]  eta: 0:00:18  model_time: 0.2120 (0.2147)  evaluator_time: 0.0039 (0.0129)  time: 0.2666  data: 0.0010  max mem: 2444
Test:  [179/180]  eta: 0:00:00  model_time: 0.2188 (0.2131)  evaluator_time: 0.0002 (0.0350)  time: 0.2199  data: 0.0009  max mem: 2444
Test: Total time: 0:00:45 (0.2507 s / it)
Average Precision  (AP) @[ IoU=0.50:0.95 | area=   all | maxDets=100 ] = 0.22598267498587232
Average Precision  (AP) @[ IoU=0.50      | area=   all | maxDets=100 ] = 0.5388997160691524
Average Precision  (AP) @[ IoU=0.75      | area=   all | maxDets=100 ] = 0.15473970599811596
Average Precision  (AP) @[ IoU=0.50:0.95 | area= small | maxDets=100 ] = 0.26649538822527613
Average Precision  (AP) @[ IoU=0.50:0.95 | area=medium | maxDets=100 ] = 0.02974635886095717
Average Precision  (AP) @[ IoU=0.50:0.95 | area= large | maxDets=100 ] = -1.0
Average Recall     (AR) @[ IoU=0.50:0.95 | area=   all | maxDets=  1 ] = 0.00666244658965026
Average Recall     (AR) @[ IoU=0.50:0.95 | area=   all | maxDets= 10 ] = 0.05048267130875138
Average Recall     (AR) @[ IoU=0.50:0.95 | area=   all | maxDets=100 ] = 0.3289444532362716
Average Recall     (AR) @[ IoU=0.50:0.95 | area= small | maxDets=100 ] = 0.382015065913371
Average Recall     (AR) @[ IoU=0.50:0.95 | area=medium | maxDets=100 ] = 0.04965312190287413
Average Recall     (AR) @[ IoU=0.50:0.95 | area= large | maxDets=100 ] = -1.0



Epoch: [8]  [   0/1122]  eta: 0:12:47  lr: 0.001000  loss: 0.4914 (0.4914)  loss_classifier: 0.1300 (0.1300)  loss_box_reg: 0.3204 (0.3204)  loss_objectness: 0.0240 (0.0240)  loss_rpn_box_reg: 0.0169 (0.0169)  time: 0.6840  data: 0.1433  max mem: 2444
Epoch: [8]  [ 100/1122]  eta: 0:09:12  lr: 0.001000  loss: 0.1130 (0.2203)  loss_classifier: 0.0269 (0.0464)  loss_box_reg: 0.0908 (0.1510)  loss_objectness: 0.0076 (0.0182)  loss_rpn_box_reg: 0.0014 (0.0048)  time: 0.5433  data: 0.0012  max mem: 2444
Epoch: [8]  [ 200/1122]  eta: 0:08:20  lr: 0.001000  loss: 0.1014 (0.2102)  loss_classifier: 0.0227 (0.0447)  loss_box_reg: 0.0739 (0.1451)  loss_objectness: 0.0073 (0.0160)  loss_rpn_box_reg: 0.0010 (0.0044)  time: 0.5461  data: 0.0012  max mem: 2444
Epoch: [8]  [ 300/1122]  eta: 0:07:26  lr: 0.001000  loss: 0.1559 (0.2046)  loss_classifier: 0.0323 (0.0428)  loss_box_reg: 0.1160 (0.1423)  loss_objectness: 0.0144 (0.0153)  loss_rpn_box_reg: 0.0014 (0.0042)  time: 0.5468  data: 0.0012  max mem: 2444
Epoch: [8]  [ 400/1122]  eta: 0:06:33  lr: 0.001000  loss: 0.2649 (0.2193)  loss_classifier: 0.0382 (0.0459)  loss_box_reg: 0.1973 (0.1524)  loss_objectness: 0.0166 (0.0165)  loss_rpn_box_reg: 0.0014 (0.0045)  time: 0.5472  data: 0.0012  max mem: 2444
Epoch: [8]  [ 500/1122]  eta: 0:05:38  lr: 0.001000  loss: 0.1730 (0.2133)  loss_classifier: 0.0299 (0.0444)  loss_box_reg: 0.1260 (0.1486)  loss_objectness: 0.0163 (0.0159)  loss_rpn_box_reg: 0.0012 (0.0043)  time: 0.5467  data: 0.0012  max mem: 2444
Epoch: [8]  [ 600/1122]  eta: 0:04:44  lr: 0.001000  loss: 0.2611 (0.2133)  loss_classifier: 0.0425 (0.0447)  loss_box_reg: 0.1913 (0.1483)  loss_objectness: 0.0161 (0.0160)  loss_rpn_box_reg: 0.0023 (0.0044)  time: 0.5476  data: 0.0011  max mem: 2444
Epoch: [8]  [ 700/1122]  eta: 0:03:50  lr: 0.001000  loss: 0.1659 (0.2137)  loss_classifier: 0.0257 (0.0448)  loss_box_reg: 0.1166 (0.1487)  loss_objectness: 0.0082 (0.0159)  loss_rpn_box_reg: 0.0008 (0.0043)  time: 0.5485  data: 0.0012  max mem: 2444
Epoch: [8]  [ 800/1122]  eta: 0:02:55  lr: 0.001000  loss: 0.1586 (0.2137)  loss_classifier: 0.0267 (0.0447)  loss_box_reg: 0.1214 (0.1486)  loss_objectness: 0.0102 (0.0161)  loss_rpn_box_reg: 0.0010 (0.0043)  time: 0.5492  data: 0.0013  max mem: 2444
